<?xml version="1.0" encoding="UTF-8"?>
<testng-results ignored="0" total="1" passed="1" failed="0" skipped="0">
  <reporter-output>
  </reporter-output>
  <suite started-at="2026-03-23T23:41:50 IST" name="Default suite" finished-at="2026-03-23T23:42:31 IST" duration-ms="41596">
    <groups>
    </groups>
    <test started-at="2026-03-23T23:41:50 IST" name="Default test" finished-at="2026-03-23T23:42:31 IST" duration-ms="41596">
      <class name="com.planetrehab.automation.tests.RegisterPatientTest">
        <test-method is-config="true" signature="setUp(java.lang.reflect.Method)[pri:0, instance:com.planetrehab.automation.tests.RegisterPatientTest@4466af20]" started-at="2026-03-23T23:41:51 IST" name="setUp" finished-at="2026-03-23T23:42:00 IST" duration-ms="9150" status="PASS">
          <params>
            <param index="0">
              <value>
                <![CDATA[public void com.planetrehab.automation.tests.RegisterPatientTest.verifyPatientRegistration(java.lang.String,java.lang.String,java.lang.String,java.lang.String,java.lang.String)]]>
              </value>
            </param>
          </params>
          <reporter-output>
          </reporter-output>
        </test-method> <!-- setUp -->
        <test-method signature="verifyPatientRegistration(java.lang.String,java.lang.String,java.lang.String,java.lang.String,java.lang.String)[pri:0, instance:com.planetrehab.automation.tests.RegisterPatientTest@4466af20]" started-at="2026-03-23T23:42:00 IST" name="verifyPatientRegistration" data-provider="registerPatientData" finished-at="2026-03-23T23:42:31 IST" duration-ms="30974" status="PASS">
          <params>
            <param index="0">
              <value>
                <![CDATA[Ritvi]]>
              </value>
            </param>
            <param index="1">
              <value>
                <![CDATA[Pudari]]>
              </value>
            </param>
            <param index="2">
              <value>
                <![CDATA[06/07/1997]]>
              </value>
            </param>
            <param index="3">
              <value>
                <![CDATA[Male]]>
              </value>
            </param>
            <param index="4">
              <value>
                <![CDATA[NO]]>
              </value>
            </param>
          </params>
          <reporter-output>
          </reporter-output>
        </test-method> <!-- verifyPatientRegistration -->
        <test-method is-config="true" signature="tearDown(java.lang.reflect.Method)[pri:0, instance:com.planetrehab.automation.tests.RegisterPatientTest@4466af20]" started-at="2026-03-23T23:42:31 IST" name="tearDown" finished-at="2026-03-23T23:42:31 IST" duration-ms="308" status="PASS">
          <params>
            <param index="0">
              <value>
                <![CDATA[public void com.planetrehab.automation.tests.RegisterPatientTest.verifyPatientRegistration(java.lang.String,java.lang.String,java.lang.String,java.lang.String,java.lang.String)]]>
              </value>
            </param>
          </params>
          <reporter-output>
          </reporter-output>
        </test-method> <!-- tearDown -->
      </class> <!-- com.planetrehab.automation.tests.RegisterPatientTest -->
    </test> <!-- Default test -->
  </suite> <!-- Default suite -->
</testng-results>
