<?xml version="1.0" encoding="UTF-8"?>
<!-- Generated by org.testng.reporters.JUnitReportReporter -->
<testsuite hostname="YSI088" failures="0" tests="1" name="com.planetrehab.automation.tests.RegisterPatientTest" time="40.432" errors="0" timestamp="2026-03-23T23:42:32 IST" skipped="0">
  <testcase classname="com.planetrehab.automation.tests.RegisterPatientTest" name="verifyPatientRegistration" time="40.432"/>
  <system-out/>
</testsuite> <!-- com.planetrehab.automation.tests.RegisterPatientTest -->
